2020-06-09 09:06:27,274 - Initializing Velocity, Calling init()...
2020-06-09 09:06:27,274 - Starting Apache Velocity v1.7 (compiled: 2010-11-19 12:14:37)
2020-06-09 09:06:27,274 - Default Properties File: org\apache\velocity\runtime\defaults\velocity.properties
2020-06-09 09:06:27,274 - Trying to use logger class org.apache.velocity.runtime.log.AvalonLogChute
2020-06-09 09:06:27,274 - Target log system for org.apache.velocity.runtime.log.AvalonLogChute is not available (java.lang.NoClassDefFoundError: org/apache/log/format/Formatter).  Falling back to next log system...
2020-06-09 09:06:27,274 - Trying to use logger class org.apache.velocity.runtime.log.Log4JLogChute
2020-06-09 09:06:27,274 - Using logger class org.apache.velocity.runtime.log.Log4JLogChute
2020-06-09 09:06:27,275 - ResourceLoader instantiated: org.apache.velocity.runtime.resource.loader.ClasspathResourceLoader
2020-06-09 09:06:27,276 - ResourceCache: initialized (class org.apache.velocity.runtime.resource.ResourceCacheImpl) with class java.util.Collections$SynchronizedMap cache map.
2020-06-09 09:06:27,277 - Loaded System Directive: org.apache.velocity.runtime.directive.Stop
2020-06-09 09:06:27,277 - Loaded System Directive: org.apache.velocity.runtime.directive.Define
2020-06-09 09:06:27,277 - Loaded System Directive: org.apache.velocity.runtime.directive.Break
2020-06-09 09:06:27,278 - Loaded System Directive: org.apache.velocity.runtime.directive.Evaluate
2020-06-09 09:06:27,278 - Loaded System Directive: org.apache.velocity.runtime.directive.Literal
2020-06-09 09:06:27,278 - Loaded System Directive: org.apache.velocity.runtime.directive.Macro
2020-06-09 09:06:27,279 - Loaded System Directive: org.apache.velocity.runtime.directive.Parse
2020-06-09 09:06:27,279 - Loaded System Directive: org.apache.velocity.runtime.directive.Include
2020-06-09 09:06:27,279 - Loaded System Directive: org.apache.velocity.runtime.directive.Foreach
2020-06-09 09:06:27,280 - Created '20' parsers.
2020-06-09 09:06:27,280 - Velocimacro : "velocimacro.library" is not set.  Trying default library: VM_global_library.vm
2020-06-09 09:06:27,280 - Could not load resource 'VM_global_library.vm' from ResourceLoader org.apache.velocity.runtime.resource.loader.ClasspathResourceLoader: ClasspathResourceLoader Error: cannot find resource VM_global_library.vm
2020-06-09 09:06:27,280 - Velocimacro : Default library not found.
2020-06-09 09:06:27,280 - Velocimacro : allowInline = true : VMs can be defined inline in templates
2020-06-09 09:06:27,280 - Velocimacro : allowInlineToOverride = false : VMs defined inline may NOT replace previous VM definitions
2020-06-09 09:06:27,280 - Velocimacro : allowInlineLocal = false : VMs defined inline will be global in scope if allowed.
2020-06-09 09:06:27,280 - Velocimacro : autoload off : VM system will not automatically reload global library macros
2020-06-09 09:06:27,281 - ResourceManager : found velocity/cdrs/Tarificacion.vm with loader org.apache.velocity.runtime.resource.loader.ClasspathResourceLoader
2020-06-09 09:06:40,984 - Log4JLogChute initialized using file 'velocity.log'
2020-06-09 09:06:40,985 - Initializing Velocity, Calling init()...
2020-06-09 09:06:40,985 - Starting Apache Velocity v1.7 (compiled: 2010-11-19 12:14:37)
2020-06-09 09:06:40,985 - Default Properties File: org\apache\velocity\runtime\defaults\velocity.properties
2020-06-09 09:06:40,985 - Trying to use logger class org.apache.velocity.runtime.log.AvalonLogChute
2020-06-09 09:06:40,985 - Target log system for org.apache.velocity.runtime.log.AvalonLogChute is not available (java.lang.NoClassDefFoundError: org/apache/log/format/Formatter).  Falling back to next log system...
2020-06-09 09:06:40,985 - Trying to use logger class org.apache.velocity.runtime.log.Log4JLogChute
2020-06-09 09:06:40,985 - Using logger class org.apache.velocity.runtime.log.Log4JLogChute
2020-06-09 09:06:40,985 - ResourceLoader instantiated: org.apache.velocity.runtime.resource.loader.ClasspathResourceLoader
2020-06-09 09:06:40,985 - ResourceCache: initialized (class org.apache.velocity.runtime.resource.ResourceCacheImpl) with class java.util.Collections$SynchronizedMap cache map.
2020-06-09 09:06:40,985 - Loaded System Directive: org.apache.velocity.runtime.directive.Stop
2020-06-09 09:06:40,985 - Loaded System Directive: org.apache.velocity.runtime.directive.Define
2020-06-09 09:06:40,985 - Loaded System Directive: org.apache.velocity.runtime.directive.Break
2020-06-09 09:06:40,985 - Loaded System Directive: org.apache.velocity.runtime.directive.Evaluate
2020-06-09 09:06:40,985 - Loaded System Directive: org.apache.velocity.runtime.directive.Literal
2020-06-09 09:06:40,985 - Loaded System Directive: org.apache.velocity.runtime.directive.Macro
2020-06-09 09:06:40,985 - Loaded System Directive: org.apache.velocity.runtime.directive.Parse
2020-06-09 09:06:40,985 - Loaded System Directive: org.apache.velocity.runtime.directive.Include
2020-06-09 09:06:40,985 - Loaded System Directive: org.apache.velocity.runtime.directive.Foreach
2020-06-09 09:06:40,986 - Created '20' parsers.
2020-06-09 09:06:40,986 - Velocimacro : "velocimacro.library" is not set.  Trying default library: VM_global_library.vm
2020-06-09 09:06:40,986 - Could not load resource 'VM_global_library.vm' from ResourceLoader org.apache.velocity.runtime.resource.loader.ClasspathResourceLoader: ClasspathResourceLoader Error: cannot find resource VM_global_library.vm
2020-06-09 09:06:40,986 - Velocimacro : Default library not found.
2020-06-09 09:06:40,986 - Velocimacro : allowInline = true : VMs can be defined inline in templates
2020-06-09 09:06:40,986 - Velocimacro : allowInlineToOverride = false : VMs defined inline may NOT replace previous VM definitions
2020-06-09 09:06:40,986 - Velocimacro : allowInlineLocal = false : VMs defined inline will be global in scope if allowed.
2020-06-09 09:06:40,986 - Velocimacro : autoload off : VM system will not automatically reload global library macros
2020-06-09 09:06:40,989 - ResourceManager : found velocity/cdrs/configurar.vm with loader org.apache.velocity.runtime.resource.loader.ClasspathResourceLoader
2020-06-09 09:06:42,940 - Log4JLogChute initialized using file 'velocity.log'
2020-06-09 09:06:42,940 - Initializing Velocity, Calling init()...
2020-06-09 09:06:42,940 - Starting Apache Velocity v1.7 (compiled: 2010-11-19 12:14:37)
2020-06-09 09:06:42,940 - Default Properties File: org\apache\velocity\runtime\defaults\velocity.properties
2020-06-09 09:06:42,940 - Trying to use logger class org.apache.velocity.runtime.log.AvalonLogChute
2020-06-09 09:06:42,940 - Target log system for org.apache.velocity.runtime.log.AvalonLogChute is not available (java.lang.NoClassDefFoundError: org/apache/log/format/Formatter).  Falling back to next log system...
2020-06-09 09:06:42,940 - Trying to use logger class org.apache.velocity.runtime.log.Log4JLogChute
2020-06-09 09:06:42,940 - Using logger class org.apache.velocity.runtime.log.Log4JLogChute
2020-06-09 09:06:42,941 - ResourceLoader instantiated: org.apache.velocity.runtime.resource.loader.ClasspathResourceLoader
2020-06-09 09:06:42,941 - ResourceCache: initialized (class org.apache.velocity.runtime.resource.ResourceCacheImpl) with class java.util.Collections$SynchronizedMap cache map.
2020-06-09 09:06:42,941 - Loaded System Directive: org.apache.velocity.runtime.directive.Stop
2020-06-09 09:06:42,941 - Loaded System Directive: org.apache.velocity.runtime.directive.Define
2020-06-09 09:06:42,941 - Loaded System Directive: org.apache.velocity.runtime.directive.Break
2020-06-09 09:06:42,941 - Loaded System Directive: org.apache.velocity.runtime.directive.Evaluate
2020-06-09 09:06:42,941 - Loaded System Directive: org.apache.velocity.runtime.directive.Literal
2020-06-09 09:06:42,941 - Loaded System Directive: org.apache.velocity.runtime.directive.Macro
2020-06-09 09:06:42,941 - Loaded System Directive: org.apache.velocity.runtime.directive.Parse
2020-06-09 09:06:42,941 - Loaded System Directive: org.apache.velocity.runtime.directive.Include
2020-06-09 09:06:42,941 - Loaded System Directive: org.apache.velocity.runtime.directive.Foreach
2020-06-09 09:06:42,942 - Created '20' parsers.
2020-06-09 09:06:42,942 - Velocimacro : "velocimacro.library" is not set.  Trying default library: VM_global_library.vm
2020-06-09 09:06:42,942 - Could not load resource 'VM_global_library.vm' from ResourceLoader org.apache.velocity.runtime.resource.loader.ClasspathResourceLoader: ClasspathResourceLoader Error: cannot find resource VM_global_library.vm
2020-06-09 09:06:42,942 - Velocimacro : Default library not found.
2020-06-09 09:06:42,942 - Velocimacro : allowInline = true : VMs can be defined inline in templates
2020-06-09 09:06:42,943 - Velocimacro : allowInlineToOverride = false : VMs defined inline may NOT replace previous VM definitions
2020-06-09 09:06:42,943 - Velocimacro : allowInlineLocal = false : VMs defined inline will be global in scope if allowed.
2020-06-09 09:06:42,943 - Velocimacro : autoload off : VM system will not automatically reload global library macros
2020-06-09 09:06:42,944 - ResourceManager : found velocity/cdrs/Tarificacion.vm with loader org.apache.velocity.runtime.resource.loader.ClasspathResourceLoader
6:42,941 - Loaded System Directive: org.apache.velocity.runtime.directive.Evaluate
2020-06-09 09:06:42,941 - Loaded System Directive: org.apache.velocity.runtime.directive.Evaluate
2020-06-09 09:06:42,941 - Loaded System Directive: org.apache.velocity.runtime.directive.Literal
2020-06-09 09:06:42,941 - Loaded System Directive: org.apache.velocity.runtime.directive.Literal
2020-06-09 09:06:42,941 - Loaded System Directive: org.apache.velocity.runtime.directive.Macro
2020-06-09 09:06:42,941 - Loaded System Directive: org.apache.velocity.runtime.directive.Macro
2020-06-09 09:06:42,941 - Loaded System Directive: org.apache.velocity.runtime.directive.Parse
2020-06-09 09:06:42,941 - Loaded System Directive: org.apache.velocity.runtime.directive.Parse
2020-06-09 09:06:42,941 - Loaded System Directive: org.apache.velocity.runtime.directive.Include
2020-06-09 09:06:42,941 - Loaded System Directive: org.apache.velocity.runtime.directive.Include
2020-06-09 09:06:42,941 - Loaded System Directive: org.apache.velocity.runtime.directive.Foreach
2020-06-09 09:06:42,941 - Loaded System Directive: org.apache.velocity.runtime.directive.Foreach
2020-06-09 09:06:42,942 - Created '20' parsers.
2020-06-09 09:06:42,942 - Created '20' parsers.
2020-06-09 09:06:42,942 - Velocimacro : "velocimacro.library" is not set.  Trying default library: VM_global_library.vm
2020-06-09 09:06:42,942 - Velocimacro : "velocimacro.library" is not set.  Trying default library: VM_global_library.vm
2020-06-09 09:06:42,942 - Could not load resource 'VM_global_library.vm' from ResourceLoader org.apache.velocity.runtime.resource.loader.ClasspathResourceLoader: ClasspathResourceLoader Error: cannot find resource VM_global_library.vm
2020-06-09 09:06:42,942 - Could not load resource 'VM_global_library.vm' from ResourceLoader org.apache.velocity.runtime.resource.loader.ClasspathResourceLoader: ClasspathResourceLoader Error: cannot find resource VM_global_library.vm
2020-06-09 09:06:42,942 - Velocimacro : Default library not found.
2020-06-09 09:06:42,942 - Velocimacro : Default library not found.
2020-06-09 09:06:42,942 - Velocimacro : allowInline = true : VMs can be defined inline in templates
2020-06-09 09:06:42,942 - Velocimacro : allowInline = true : VMs can be defined inline in templates
2020-06-09 09:06:42,943 - Velocimacro : allowInlineToOverride = false : VMs defined inline may NOT replace previous VM definitions
2020-06-09 09:06:42,943 - Velocimacro : allowInlineToOverride = false : VMs defined inline may NOT replace previous VM definitions
2020-06-09 09:06:42,943 - Velocimacro : allowInlineLocal = false : VMs defined inline will be global in scope if allowed.
2020-06-09 09:06:42,943 - Velocimacro : allowInlineLocal = false : VMs defined inline will be global in scope if allowed.
2020-06-09 09:06:42,943 - Velocimacro : autoload off : VM system will not automatically reload global library macros
2020-06-09 09:06:42,943 - Velocimacro : autoload off : VM system will not automatically reload global library macros
2020-06-09 09:06:42,944 - ResourceManager : found velocity/cdrs/Tarificacion.vm with loader org.apache.velocity.runtime.resource.loader.ClasspathResourceLoader
2020-06-09 09:06:42,944 - ResourceManager : found velocity/cdrs/Tarificacion.vm with loader org.apache.velocity.runtime.resource.loader.ClasspathResourceLoader
